<?xml version="1.0" encoding="UTF-8"?>
<!-- Generated by org.testng.reporters.JUnitXMLReporter -->
<testsuite ignored="2" hostname="CC-Girish" failures="1" tests="1" name="Test" time="16.452" errors="0" timestamp="2022-11-17T20:53:02 EST">
  <testcase classname="com.busyqa.auto.WebTests" name="registerTest" time="6.957">
    <failure type="java.lang.AssertionError" message="expected [true] but found [false]">
      <![CDATA[java.lang.AssertionError: expected [true] but found [false]
at com.busyqa.auto.WebTests.registerTest(WebTests.java:200)
at java.base/java.util.ArrayList.forEach(ArrayList.java:1511)
... Removed 29 stack frames]]>
    </failure>
  </testcase> <!-- registerTest -->
  <testcase classname="com.busyqa.auto.WebTests" name="titleTest" time="0.0">
    <ignored/>
  </testcase> <!-- titleTest -->
  <testcase classname="com.busyqa.auto.WebTests" name="loginTest" time="0.0">
    <ignored/>
  </testcase> <!-- loginTest -->
</testsuite> <!-- Test -->
