<?xml version="1.0" encoding="UTF-8"?>
<testng-results ignored="2" total="3" passed="0" failed="1" skipped="0">
  <reporter-output>
  </reporter-output>
  <suite started-at="2022-11-17T20:52:45 EST" name="Suite" finished-at="2022-11-17T20:53:02 EST" duration-ms="16452">
    <groups>
    </groups>
    <test started-at="2022-11-17T20:52:45 EST" name="Test" finished-at="2022-11-17T20:53:02 EST" duration-ms="16452">
      <class name="com.busyqa.auto.WebTests">
        <test-method is-config="true" signature="setup()[pri:0, instance:com.busyqa.auto.WebTests@62727399]" started-at="2022-11-17T20:52:45 EST" name="setup" finished-at="2022-11-17T20:52:47 EST" duration-ms="1257" status="PASS">
          <reporter-output>
          </reporter-output>
        </test-method> <!-- setup -->
        <test-method is-config="true" signature="initiateBrowser()[pri:0, instance:com.busyqa.auto.WebTests@62727399]" started-at="2022-11-17T20:52:47 EST" name="initiateBrowser" finished-at="2022-11-17T20:52:53 EST" duration-ms="6641" status="PASS">
          <reporter-output>
          </reporter-output>
        </test-method> <!-- initiateBrowser -->
        <test-method signature="registerTest(java.lang.String, java.lang.String, java.lang.String, java.lang.String, java.lang.String)[pri:1, instance:com.busyqa.auto.WebTests@62727399]" started-at="2022-11-17T20:52:53 EST" name="registerTest" data-provider="registerData" finished-at="2022-11-17T20:53:00 EST" duration-ms="6957" status="FAIL">
          <params>
            <param index="0">
              <value>
                <![CDATA[mark]]>
              </value>
            </param>
            <param index="1">
              <value>
                <![CDATA[vaugh]]>
              </value>
            </param>
            <param index="2">
              <value>
                <![CDATA[mvaugh@simpli.com]]>
              </value>
            </param>
            <param index="3">
              <value>
                <![CDATA[4525252222]]>
              </value>
            </param>
            <param index="4">
              <value>
                <![CDATA[Happy123]]>
              </value>
            </param>
          </params>
          <exception class="java.lang.AssertionError">
            <message>
              <![CDATA[expected [true] but found [false]]]>
            </message>
            <full-stacktrace>
              <![CDATA[java.lang.AssertionError: expected [true] but found [false]
at org.testng.Assert.fail(Assert.java:97)
at org.testng.Assert.failNotEquals(Assert.java:969)
at org.testng.Assert.assertTrue(Assert.java:43)
at org.testng.Assert.assertTrue(Assert.java:53)
at com.busyqa.auto.WebTests.registerTest(WebTests.java:200)
at java.base/jdk.internal.reflect.DirectMethodHandleAccessor.invoke(DirectMethodHandleAccessor.java:104)
at java.base/java.lang.reflect.Method.invoke(Method.java:577)
at org.testng.internal.MethodInvocationHelper.invokeMethod(MethodInvocationHelper.java:134)
at org.testng.internal.TestInvoker.invokeMethod(TestInvoker.java:597)
at org.testng.internal.TestInvoker.invokeTestMethod(TestInvoker.java:173)
at org.testng.internal.MethodRunner.runInSequence(MethodRunner.java:46)
at org.testng.internal.TestInvoker$MethodInvocationAgent.invoke(TestInvoker.java:816)
at org.testng.internal.TestInvoker.invokeTestMethods(TestInvoker.java:146)
at org.testng.internal.TestMethodWorker.invokeTestMethods(TestMethodWorker.java:146)
at org.testng.internal.TestMethodWorker.run(TestMethodWorker.java:128)
at java.base/java.util.ArrayList.forEach(ArrayList.java:1511)
at org.testng.TestRunner.privateRun(TestRunner.java:766)
at org.testng.TestRunner.run(TestRunner.java:587)
at org.testng.SuiteRunner.runTest(SuiteRunner.java:384)
at org.testng.SuiteRunner.runSequentially(SuiteRunner.java:378)
at org.testng.SuiteRunner.privateRun(SuiteRunner.java:337)
at org.testng.SuiteRunner.run(SuiteRunner.java:286)
at org.testng.SuiteRunnerWorker.runSuite(SuiteRunnerWorker.java:53)
at org.testng.SuiteRunnerWorker.run(SuiteRunnerWorker.java:96)
at org.testng.TestNG.runSuitesSequentially(TestNG.java:1187)
at org.testng.TestNG.runSuitesLocally(TestNG.java:1109)
at org.testng.TestNG.runSuites(TestNG.java:1039)
at org.testng.TestNG.run(TestNG.java:1007)
at org.testng.remote.AbstractRemoteTestNG.run(AbstractRemoteTestNG.java:115)
at org.testng.remote.RemoteTestNG.initAndRun(RemoteTestNG.java:251)
at org.testng.remote.RemoteTestNG.main(RemoteTestNG.java:77)
]]>
            </full-stacktrace>
          </exception> <!-- java.lang.AssertionError -->
          <reporter-output>
          </reporter-output>
        </test-method> <!-- registerTest -->
        <test-method is-config="true" signature="tearDown()[pri:0, instance:com.busyqa.auto.WebTests@62727399]" started-at="2022-11-17T20:53:00 EST" name="tearDown" finished-at="2022-11-17T20:53:01 EST" duration-ms="946" status="PASS">
          <reporter-output>
          </reporter-output>
        </test-method> <!-- tearDown -->
        <test-method is-config="true" signature="superTearDown()[pri:0, instance:com.busyqa.auto.WebTests@62727399]" started-at="2022-11-17T20:53:01 EST" name="superTearDown" finished-at="2022-11-17T20:53:02 EST" duration-ms="386" status="PASS">
          <reporter-output>
          </reporter-output>
        </test-method> <!-- superTearDown -->
      </class> <!-- com.busyqa.auto.WebTests -->
    </test> <!-- Test -->
  </suite> <!-- Suite -->
</testng-results>
